<?xml version="1.0" encoding="UTF-8"?>
<!-- Generated by org.testng.reporters.JUnitReportReporter -->
<testsuite hostname="siddu" failures="0" tests="1" name="E2E_annotations.test_login" time="11.747" errors="0" timestamp="2022-07-09T06:54:00 IST" skipped="0">
  <testcase classname="E2E_annotations.test_login" name="login" time="11.747"/>
  <system-out/>
</testsuite> <!-- E2E_annotations.test_login -->
