<?xml version="1.0" encoding="UTF-8"?>
<!-- Generated by org.testng.reporters.JUnitReportReporter -->
<testsuite hostname="siddu" failures="0" tests="2" name="Annotations.basicTestNG" time="0.003" errors="0" timestamp="2022-07-09T06:54:00 IST" skipped="0">
  <testcase classname="Annotations.basicTestNG" name="testcase2" time="0.001"/>
  <system-out/>
  <testcase classname="Annotations.basicTestNG" name="testcase1" time="0.002"/>
  <system-out/>
</testsuite> <!-- Annotations.basicTestNG -->
